app/build/intermediates/manifest_merge_blame_file/debug/manifest-merger-blame-debug-report.txt
1<?xml version="1.0" encoding="utf-8"?>
2<manifest xmlns:android="http://schemas.android.com/apk/res/android"
3    package="com.example.handthishomathon"
4    android:versionCode="1"
5    android:versionName="1.0" >
6
7    <uses-sdk
8        android:minSdkVersion="21"
8-->src/main/AndroidManifest.xml
9        android:targetSdkVersion="29" />
9-->src/main/AndroidManifest.xml
10
11    <uses-permission android:name="android.permission.INTERNET" />
11-->src/main/AndroidManifest.xml:5:5-67
11-->src/main/AndroidManifest.xml:5:22-64
12
13    <!-- Include required permissions for Google Maps API to run. -->
14    <uses-permission android:name="android.permission.ACCESS_NETWORK_STATE" />
14-->[com.google.android.gms:play-services-maps:17.0.0] AndroidManifest.xml:23:5-79
14-->[com.google.android.gms:play-services-maps:17.0.0] AndroidManifest.xml:23:22-76
15
16    <uses-feature
16-->[com.google.android.gms:play-services-maps:17.0.0] AndroidManifest.xml:26:5-28:35
17        android:glEsVersion="0x00020000"
17-->[com.google.android.gms:play-services-maps:17.0.0] AndroidManifest.xml:27:9-41
18        android:required="true" />
18-->[com.google.android.gms:play-services-maps:17.0.0] AndroidManifest.xml:28:9-32
19
20    <application
20-->src/main/AndroidManifest.xml:7:5-29:19
21        android:allowBackup="true"
21-->src/main/AndroidManifest.xml:8:9-35
22        android:appComponentFactory="androidx.core.app.CoreComponentFactory"
22-->[androidx.core:core:1.1.0] AndroidManifest.xml:24:18-86
23        android:debuggable="true"
24        android:icon="@mipmap/ic_launcher"
24-->src/main/AndroidManifest.xml:9:9-43
25        android:label="@string/app_name"
25-->src/main/AndroidManifest.xml:10:9-41
26        android:roundIcon="@mipmap/ic_launcher_round"
26-->src/main/AndroidManifest.xml:11:9-54
27        android:supportsRtl="true"
27-->src/main/AndroidManifest.xml:12:9-35
28        android:testOnly="true"
29        android:theme="@style/AppTheme" >
29-->src/main/AndroidManifest.xml:13:9-40
30        <activity
30-->src/main/AndroidManifest.xml:14:9-16:56
31            android:name="com.example.handthishomathon.ChatBotActivity"
31-->src/main/AndroidManifest.xml:16:13-44
32            android:parentActivityName="com.example.handthishomathon.LandingActivity" />
32-->src/main/AndroidManifest.xml:15:13-58
33        <activity
33-->src/main/AndroidManifest.xml:17:9-25:20
34            android:name="com.example.handthishomathon.LandingActivity"
34-->src/main/AndroidManifest.xml:18:13-44
35            android:screenOrientation="nosensor" >
35-->src/main/AndroidManifest.xml:19:13-49
36            <intent-filter>
36-->src/main/AndroidManifest.xml:20:13-24:29
37                <action android:name="android.intent.action.MAIN" />
37-->src/main/AndroidManifest.xml:21:17-69
37-->src/main/AndroidManifest.xml:21:25-66
38
39                <category android:name="android.intent.category.LAUNCHER" />
39-->src/main/AndroidManifest.xml:23:17-77
39-->src/main/AndroidManifest.xml:23:27-74
40            </intent-filter>
41        </activity>
42        <activity
42-->src/main/AndroidManifest.xml:26:9-28:61
43            android:name="com.example.handthishomathon.AppActivity"
43-->src/main/AndroidManifest.xml:27:13-40
44            android:screenOrientation="nosensor" />
44-->src/main/AndroidManifest.xml:28:13-49
45
46        <provider
46-->[com.squareup.picasso:picasso:2.71828] AndroidManifest.xml:8:9-11:40
47            android:name="com.squareup.picasso.PicassoProvider"
47-->[com.squareup.picasso:picasso:2.71828] AndroidManifest.xml:9:13-64
48            android:authorities="com.example.handthishomathon.com.squareup.picasso"
48-->[com.squareup.picasso:picasso:2.71828] AndroidManifest.xml:10:13-72
49            android:exported="false" /> <!-- Needs to be explicitly declared on P+ -->
49-->[com.squareup.picasso:picasso:2.71828] AndroidManifest.xml:11:13-37
50        <uses-library
50-->[com.google.android.gms:play-services-maps:17.0.0] AndroidManifest.xml:33:9-35:40
51            android:name="org.apache.http.legacy"
51-->[com.google.android.gms:play-services-maps:17.0.0] AndroidManifest.xml:34:13-50
52            android:required="false" />
52-->[com.google.android.gms:play-services-maps:17.0.0] AndroidManifest.xml:35:13-37
53
54        <meta-data
54-->[com.google.maps.android:android-maps-utils:0.5] AndroidManifest.xml:8:9-10:69
55            android:name="com.google.android.gms.version"
55-->[com.google.maps.android:android-maps-utils:0.5] AndroidManifest.xml:9:13-58
56            android:value="@integer/google_play_services_version" />
56-->[com.google.maps.android:android-maps-utils:0.5] AndroidManifest.xml:10:13-66
57
58        <activity
58-->[com.google.android.gms:play-services-base:17.0.0] AndroidManifest.xml:23:9-26:75
59            android:name="com.google.android.gms.common.api.GoogleApiActivity"
59-->[com.google.android.gms:play-services-base:17.0.0] AndroidManifest.xml:24:13-79
60            android:exported="false"
60-->[com.google.android.gms:play-services-base:17.0.0] AndroidManifest.xml:25:13-37
61            android:theme="@android:style/Theme.Translucent.NoTitleBar" />
61-->[com.google.android.gms:play-services-base:17.0.0] AndroidManifest.xml:26:13-72
62
63        <provider
63-->[androidx.lifecycle:lifecycle-process:2.1.0] AndroidManifest.xml:23:9-27:43
64            android:name="androidx.lifecycle.ProcessLifecycleOwnerInitializer"
64-->[androidx.lifecycle:lifecycle-process:2.1.0] AndroidManifest.xml:24:13-79
65            android:authorities="com.example.handthishomathon.lifecycle-process"
65-->[androidx.lifecycle:lifecycle-process:2.1.0] AndroidManifest.xml:25:13-69
66            android:exported="false"
66-->[androidx.lifecycle:lifecycle-process:2.1.0] AndroidManifest.xml:26:13-37
67            android:multiprocess="true" /> <!-- The activity will be merged into the manifest of the hosting app. -->
67-->[androidx.lifecycle:lifecycle-process:2.1.0] AndroidManifest.xml:27:13-40
68        <activity
68-->[com.google.android.play:core:1.6.4] AndroidManifest.xml:8:5-271
69            android:name="com.google.android.play.core.missingsplits.PlayCoreMissingSplitsActivity"
69-->[com.google.android.play:core:1.6.4] AndroidManifest.xml:8:15-102
70            android:enabled="false"
70-->[com.google.android.play:core:1.6.4] AndroidManifest.xml:8:103-126
71            android:exported="false"
71-->[com.google.android.play:core:1.6.4] AndroidManifest.xml:8:127-151
72            android:launchMode="singleInstance"
72-->[com.google.android.play:core:1.6.4] AndroidManifest.xml:8:204-239
73            android:process=":playcore_missing_splits_activity"
73-->[com.google.android.play:core:1.6.4] AndroidManifest.xml:8:152-203
74            android:stateNotNeeded="true" />
74-->[com.google.android.play:core:1.6.4] AndroidManifest.xml:8:240-269
75        <activity
75-->[com.google.android.play:core:1.6.4] AndroidManifest.xml:9:5-278
76            android:name="com.google.android.play.core.common.PlayCoreDialogWrapperActivity"
76-->[com.google.android.play:core:1.6.4] AndroidManifest.xml:9:15-95
77            android:enabled="false"
77-->[com.google.android.play:core:1.6.4] AndroidManifest.xml:9:96-119
78            android:exported="false"
78-->[com.google.android.play:core:1.6.4] AndroidManifest.xml:9:120-144
79            android:process=":playcore_dialog_wrapper_activity"
79-->[com.google.android.play:core:1.6.4] AndroidManifest.xml:9:175-226
80            android:stateNotNeeded="true"
80-->[com.google.android.play:core:1.6.4] AndroidManifest.xml:9:145-174
81            android:theme="@style/Theme.PlayCore.Transparent" />
81-->[com.google.android.play:core:1.6.4] AndroidManifest.xml:9:227-276
82    </application>
83
84</manifest>